<?xml version="1.0" encoding="UTF-8"?>
<testng-results skipped="0" failed="0" ignored="0" total="1" passed="1">
  <reporter-output>
  </reporter-output>
  <suite name="Default suite" duration-ms="52" started-at="2023-03-09T15:02:32 IST" finished-at="2023-03-09T15:02:32 IST">
    <groups>
    </groups>
    <test name="Default test" duration-ms="52" started-at="2023-03-09T15:02:32 IST" finished-at="2023-03-09T15:02:32 IST">
      <class name="testScripts.Practice4">
        <test-method status="PASS" signature="practice4Test()[pri:0, instance:testScripts.Practice4@569cfc36]" name="practice4Test" duration-ms="8" started-at="2023-03-09T15:02:32 IST" finished-at="2023-03-09T15:02:32 IST">
          <reporter-output>
          </reporter-output>
        </test-method> <!-- practice4Test -->
      </class> <!-- testScripts.Practice4 -->
    </test> <!-- Default test -->
  </suite> <!-- Default suite -->
</testng-results>
