<?xml version="1.0" encoding="UTF-8"?>
<testng-results skipped="0" failed="0" ignored="0" total="1" passed="1">
  <reporter-output>
  </reporter-output>
  <suite name="Default suite" duration-ms="51" started-at="2023-03-09T16:08:36 IST" finished-at="2023-03-09T16:08:36 IST">
    <groups>
    </groups>
    <test name="Default test" duration-ms="51" started-at="2023-03-09T16:08:36 IST" finished-at="2023-03-09T16:08:36 IST">
      <class name="testScripts.Practice1Test">
        <test-method status="PASS" signature="practice1Test()[pri:0, instance:testScripts.Practice1Test@569cfc36]" name="practice1Test" duration-ms="10" started-at="2023-03-09T16:08:36 IST" finished-at="2023-03-09T16:08:36 IST">
          <reporter-output>
          </reporter-output>
        </test-method> <!-- practice1Test -->
      </class> <!-- testScripts.Practice1Test -->
    </test> <!-- Default test -->
  </suite> <!-- Default suite -->
</testng-results>
